[2015-09-26 08:28:31] local.ERROR: exception 'InvalidArgumentException' with message 'View [blade.index.blade.php] not found.' in C:\wamp\www\foodiee\vendor\laravel\framework\src\Illuminate\View\FileViewFinder.php:137
Stack trace:
#0 C:\wamp\www\foodiee\vendor\laravel\framework\src\Illuminate\View\FileViewFinder.php(79): Illuminate\View\FileViewFinder->findInPaths('blade.index.bla...', Array)
#1 C:\wamp\www\foodiee\vendor\laravel\framework\src\Illuminate\View\Factory.php(151): Illuminate\View\FileViewFinder->find('blade.index.bla...')
#2 C:\wamp\www\foodiee\vendor\laravel\framework\src\Illuminate\Foundation\helpers.php(648): Illuminate\View\Factory->make('blade/index.bla...', Array, Array)
#3 C:\wamp\www\foodiee\app\Http\routes.php(15): view('blade/index.bla...')
#4 [internal function]: App\Providers\RouteServiceProvider->{closure}()
#5 C:\wamp\www\foodiee\vendor\laravel\framework\src\Illuminate\Routing\Route.php(155): call_user_func_array(Object(Closure), Array)
#6 C:\wamp\www\foodiee\vendor\laravel\framework\src\Illuminate\Routing\Route.php(130): Illuminate\Routing\Route->runCallable(Object(Illuminate\Http\Request))
#7 C:\wamp\www\foodiee\vendor\laravel\framework\src\Illuminate\Routing\Router.php(704): Illuminate\Routing\Route->run(Object(Illuminate\Http\Request))
#8 [internal function]: Illuminate\Routing\Router->Illuminate\Routing\{closure}(Object(Illuminate\Http\Request))
#9 C:\wamp\www\foodiee\vendor\laravel\framework\src\Illuminate\Pipeline\Pipeline.php(139): call_user_func(Object(Closure), Object(Illuminate\Http\Request))
#10 [internal function]: Illuminate\Pipeline\Pipeline->Illuminate\Pipeline\{closure}(Object(Illuminate\Http\Request))
#11 C:\wamp\www\foodiee\vendor\laravel\framework\src\Illuminate\Pipeline\Pipeline.php(103): call_user_func(Object(Closure), Object(Illuminate\Http\Request))
#12 C:\wamp\www\foodiee\vendor\laravel\framework\src\Illuminate\Routing\Router.php(706): Illuminate\Pipeline\Pipeline->then(Object(Closure))
#13 C:\wamp\www\foodiee\vendor\laravel\framework\src\Illuminate\Routing\Router.php(671): Illuminate\Routing\Router->runRouteWithinStack(Object(Illuminate\Routing\Route), Object(Illuminate\Http\Request))
#14 C:\wamp\www\foodiee\vendor\laravel\framework\src\Illuminate\Routing\Router.php(631): Illuminate\Routing\Router->dispatchToRoute(Object(Illuminate\Http\Request))
#15 C:\wamp\www\foodiee\vendor\laravel\framework\src\Illuminate\Foundation\Http\Kernel.php(236): Illuminate\Routing\Router->dispatch(Object(Illuminate\Http\Request))
#16 [internal function]: Illuminate\Foundation\Http\Kernel->Illuminate\Foundation\Http\{closure}(Object(Illuminate\Http\Request))
#17 C:\wamp\www\foodiee\vendor\laravel\framework\src\Illuminate\Pipeline\Pipeline.php(139): call_user_func(Object(Closure), Object(Illuminate\Http\Request))
#18 C:\wamp\www\foodiee\vendor\laravel\framework\src\Illuminate\Foundation\Http\Middleware\VerifyCsrfToken.php(50): Illuminate\Pipeline\Pipeline->Illuminate\Pipeline\{closure}(Object(Illuminate\Http\Request))
#19 [internal function]: Illuminate\Foundation\Http\Middleware\VerifyCsrfToken->handle(Object(Illuminate\Http\Request), Object(Closure))
#20 C:\wamp\www\foodiee\vendor\laravel\framework\src\Illuminate\Pipeline\Pipeline.php(124): call_user_func_array(Array, Array)
#21 C:\wamp\www\foodiee\vendor\laravel\framework\src\Illuminate\View\Middleware\ShareErrorsFromSession.php(49): Illuminate\Pipeline\Pipeline->Illuminate\Pipeline\{closure}(Object(Illuminate\Http\Request))
#22 [internal function]: Illuminate\View\Middleware\ShareErrorsFromSession->handle(Object(Illuminate\Http\Request), Object(Closure))
#23 C:\wamp\www\foodiee\vendor\laravel\framework\src\Illuminate\Pipeline\Pipeline.php(124): call_user_func_array(Array, Array)
#24 C:\wamp\www\foodiee\vendor\laravel\framework\src\Illuminate\Session\Middleware\StartSession.php(62): Illuminate\Pipeline\Pipeline->Illuminate\Pipeline\{closure}(Object(Illuminate\Http\Request))
#25 [internal function]: Illuminate\Session\Middleware\StartSession->handle(Object(Illuminate\Http\Request), Object(Closure))
#26 C:\wamp\www\foodiee\vendor\laravel\framework\src\Illuminate\Pipeline\Pipeline.php(124): call_user_func_array(Array, Array)
#27 C:\wamp\www\foodiee\vendor\laravel\framework\src\Illuminate\Cookie\Middleware\AddQueuedCookiesToResponse.php(37): Illuminate\Pipeline\Pipeline->Illuminate\Pipeline\{closure}(Object(Illuminate\Http\Request))
#28 [internal function]: Illuminate\Cookie\Middleware\AddQueuedCookiesToResponse->handle(Object(Illuminate\Http\Request), Object(Closure))
#29 C:\wamp\www\foodiee\vendor\laravel\framework\src\Illuminate\Pipeline\Pipeline.php(124): call_user_func_array(Array, Array)
#30 C:\wamp\www\foodiee\vendor\laravel\framework\src\Illuminate\Cookie\Middleware\EncryptCookies.php(59): Illuminate\Pipeline\Pipeline->Illuminate\Pipeline\{closure}(Object(Illuminate\Http\Request))
#31 [internal function]: Illuminate\Cookie\Middleware\EncryptCookies->handle(Object(Illuminate\Http\Request), Object(Closure))
#32 C:\wamp\www\foodiee\vendor\laravel\framework\src\Illuminate\Pipeline\Pipeline.php(124): call_user_func_array(Array, Array)
#33 C:\wamp\www\foodiee\vendor\laravel\framework\src\Illuminate\Foundation\Http\Middleware\CheckForMaintenanceMode.php(42): Illuminate\Pipeline\Pipeline->Illuminate\Pipeline\{closure}(Object(Illuminate\Http\Request))
#34 [internal function]: Illuminate\Foundation\Http\Middleware\CheckForMaintenanceMode->handle(Object(Illuminate\Http\Request), Object(Closure))
#35 C:\wamp\www\foodiee\vendor\laravel\framework\src\Illuminate\Pipeline\Pipeline.php(124): call_user_func_array(Array, Array)
#36 [internal function]: Illuminate\Pipeline\Pipeline->Illuminate\Pipeline\{closure}(Object(Illuminate\Http\Request))
#37 C:\wamp\www\foodiee\vendor\laravel\framework\src\Illuminate\Pipeline\Pipeline.php(103): call_user_func(Object(Closure), Object(Illuminate\Http\Request))
#38 C:\wamp\www\foodiee\vendor\laravel\framework\src\Illuminate\Foundation\Http\Kernel.php(122): Illuminate\Pipeline\Pipeline->then(Object(Closure))
#39 C:\wamp\www\foodiee\vendor\laravel\framework\src\Illuminate\Foundation\Http\Kernel.php(87): Illuminate\Foundation\Http\Kernel->sendRequestThroughRouter(Object(Illuminate\Http\Request))
#40 C:\wamp\www\foodiee\public\index.php(54): Illuminate\Foundation\Http\Kernel->handle(Object(Illuminate\Http\Request))
#41 {main}  
[2015-09-26 08:30:29] local.ERROR: exception 'InvalidArgumentException' with message 'View [blade.index.blade.php] not found.' in C:\wamp\www\foodiee\vendor\laravel\framework\src\Illuminate\View\FileViewFinder.php:137
Stack trace:
#0 C:\wamp\www\foodiee\vendor\laravel\framework\src\Illuminate\View\FileViewFinder.php(79): Illuminate\View\FileViewFinder->findInPaths('blade.index.bla...', Array)
#1 C:\wamp\www\foodiee\vendor\laravel\framework\src\Illuminate\View\Factory.php(151): Illuminate\View\FileViewFinder->find('blade.index.bla...')
#2 C:\wamp\www\foodiee\vendor\laravel\framework\src\Illuminate\Foundation\helpers.php(648): Illuminate\View\Factory->make('blade/index.bla...', Array, Array)
#3 C:\wamp\www\foodiee\app\Http\routes.php(15): view('blade/index.bla...')
#4 [internal function]: App\Providers\RouteServiceProvider->{closure}()
#5 C:\wamp\www\foodiee\vendor\laravel\framework\src\Illuminate\Routing\Route.php(155): call_user_func_array(Object(Closure), Array)
#6 C:\wamp\www\foodiee\vendor\laravel\framework\src\Illuminate\Routing\Route.php(130): Illuminate\Routing\Route->runCallable(Object(Illuminate\Http\Request))
#7 C:\wamp\www\foodiee\vendor\laravel\framework\src\Illuminate\Routing\Router.php(704): Illuminate\Routing\Route->run(Object(Illuminate\Http\Request))
#8 [internal function]: Illuminate\Routing\Router->Illuminate\Routing\{closure}(Object(Illuminate\Http\Request))
#9 C:\wamp\www\foodiee\vendor\laravel\framework\src\Illuminate\Pipeline\Pipeline.php(139): call_user_func(Object(Closure), Object(Illuminate\Http\Request))
#10 [internal function]: Illuminate\Pipeline\Pipeline->Illuminate\Pipeline\{closure}(Object(Illuminate\Http\Request))
#11 C:\wamp\www\foodiee\vendor\laravel\framework\src\Illuminate\Pipeline\Pipeline.php(103): call_user_func(Object(Closure), Object(Illuminate\Http\Request))
#12 C:\wamp\www\foodiee\vendor\laravel\framework\src\Illuminate\Routing\Router.php(706): Illuminate\Pipeline\Pipeline->then(Object(Closure))
#13 C:\wamp\www\foodiee\vendor\laravel\framework\src\Illuminate\Routing\Router.php(671): Illuminate\Routing\Router->runRouteWithinStack(Object(Illuminate\Routing\Route), Object(Illuminate\Http\Request))
#14 C:\wamp\www\foodiee\vendor\laravel\framework\src\Illuminate\Routing\Router.php(631): Illuminate\Routing\Router->dispatchToRoute(Object(Illuminate\Http\Request))
#15 C:\wamp\www\foodiee\vendor\laravel\framework\src\Illuminate\Foundation\Http\Kernel.php(236): Illuminate\Routing\Router->dispatch(Object(Illuminate\Http\Request))
#16 [internal function]: Illuminate\Foundation\Http\Kernel->Illuminate\Foundation\Http\{closure}(Object(Illuminate\Http\Request))
#17 C:\wamp\www\foodiee\vendor\laravel\framework\src\Illuminate\Pipeline\Pipeline.php(139): call_user_func(Object(Closure), Object(Illuminate\Http\Request))
#18 C:\wamp\www\foodiee\vendor\laravel\framework\src\Illuminate\Foundation\Http\Middleware\VerifyCsrfToken.php(50): Illuminate\Pipeline\Pipeline->Illuminate\Pipeline\{closure}(Object(Illuminate\Http\Request))
#19 [internal function]: Illuminate\Foundation\Http\Middleware\VerifyCsrfToken->handle(Object(Illuminate\Http\Request), Object(Closure))
#20 C:\wamp\www\foodiee\vendor\laravel\framework\src\Illuminate\Pipeline\Pipeline.php(124): call_user_func_array(Array, Array)
#21 C:\wamp\www\foodiee\vendor\laravel\framework\src\Illuminate\View\Middleware\ShareErrorsFromSession.php(49): Illuminate\Pipeline\Pipeline->Illuminate\Pipeline\{closure}(Object(Illuminate\Http\Request))
#22 [internal function]: Illuminate\View\Middleware\ShareErrorsFromSession->handle(Object(Illuminate\Http\Request), Object(Closure))
#23 C:\wamp\www\foodiee\vendor\laravel\framework\src\Illuminate\Pipeline\Pipeline.php(124): call_user_func_array(Array, Array)
#24 C:\wamp\www\foodiee\vendor\laravel\framework\src\Illuminate\Session\Middleware\StartSession.php(62): Illuminate\Pipeline\Pipeline->Illuminate\Pipeline\{closure}(Object(Illuminate\Http\Request))
#25 [internal function]: Illuminate\Session\Middleware\StartSession->handle(Object(Illuminate\Http\Request), Object(Closure))
#26 C:\wamp\www\foodiee\vendor\laravel\framework\src\Illuminate\Pipeline\Pipeline.php(124): call_user_func_array(Array, Array)
#27 C:\wamp\www\foodiee\vendor\laravel\framework\src\Illuminate\Cookie\Middleware\AddQueuedCookiesToResponse.php(37): Illuminate\Pipeline\Pipeline->Illuminate\Pipeline\{closure}(Object(Illuminate\Http\Request))
#28 [internal function]: Illuminate\Cookie\Middleware\AddQueuedCookiesToResponse->handle(Object(Illuminate\Http\Request), Object(Closure))
#29 C:\wamp\www\foodiee\vendor\laravel\framework\src\Illuminate\Pipeline\Pipeline.php(124): call_user_func_array(Array, Array)
#30 C:\wamp\www\foodiee\vendor\laravel\framework\src\Illuminate\Cookie\Middleware\EncryptCookies.php(59): Illuminate\Pipeline\Pipeline->Illuminate\Pipeline\{closure}(Object(Illuminate\Http\Request))
#31 [internal function]: Illuminate\Cookie\Middleware\EncryptCookies->handle(Object(Illuminate\Http\Request), Object(Closure))
#32 C:\wamp\www\foodiee\vendor\laravel\framework\src\Illuminate\Pipeline\Pipeline.php(124): call_user_func_array(Array, Array)
#33 C:\wamp\www\foodiee\vendor\laravel\framework\src\Illuminate\Foundation\Http\Middleware\CheckForMaintenanceMode.php(42): Illuminate\Pipeline\Pipeline->Illuminate\Pipeline\{closure}(Object(Illuminate\Http\Request))
#34 [internal function]: Illuminate\Foundation\Http\Middleware\CheckForMaintenanceMode->handle(Object(Illuminate\Http\Request), Object(Closure))
#35 C:\wamp\www\foodiee\vendor\laravel\framework\src\Illuminate\Pipeline\Pipeline.php(124): call_user_func_array(Array, Array)
#36 [internal function]: Illuminate\Pipeline\Pipeline->Illuminate\Pipeline\{closure}(Object(Illuminate\Http\Request))
#37 C:\wamp\www\foodiee\vendor\laravel\framework\src\Illuminate\Pipeline\Pipeline.php(103): call_user_func(Object(Closure), Object(Illuminate\Http\Request))
#38 C:\wamp\www\foodiee\vendor\laravel\framework\src\Illuminate\Foundation\Http\Kernel.php(122): Illuminate\Pipeline\Pipeline->then(Object(Closure))
#39 C:\wamp\www\foodiee\vendor\laravel\framework\src\Illuminate\Foundation\Http\Kernel.php(87): Illuminate\Foundation\Http\Kernel->sendRequestThroughRouter(Object(Illuminate\Http\Request))
#40 C:\wamp\www\foodiee\public\index.php(54): Illuminate\Foundation\Http\Kernel->handle(Object(Illuminate\Http\Request))
#41 {main}  
[2015-09-26 08:30:32] local.ERROR: exception 'InvalidArgumentException' with message 'View [blade.index.blade.php] not found.' in C:\wamp\www\foodiee\vendor\laravel\framework\src\Illuminate\View\FileViewFinder.php:137
Stack trace:
#0 C:\wamp\www\foodiee\vendor\laravel\framework\src\Illuminate\View\FileViewFinder.php(79): Illuminate\View\FileViewFinder->findInPaths('blade.index.bla...', Array)
#1 C:\wamp\www\foodiee\vendor\laravel\framework\src\Illuminate\View\Factory.php(151): Illuminate\View\FileViewFinder->find('blade.index.bla...')
#2 C:\wamp\www\foodiee\vendor\laravel\framework\src\Illuminate\Foundation\helpers.php(648): Illuminate\View\Factory->make('blade/index.bla...', Array, Array)
#3 C:\wamp\www\foodiee\app\Http\routes.php(15): view('blade/index.bla...')
#4 [internal function]: App\Providers\RouteServiceProvider->{closure}()
#5 C:\wamp\www\foodiee\vendor\laravel\framework\src\Illuminate\Routing\Route.php(155): call_user_func_array(Object(Closure), Array)
#6 C:\wamp\www\foodiee\vendor\laravel\framework\src\Illuminate\Routing\Route.php(130): Illuminate\Routing\Route->runCallable(Object(Illuminate\Http\Request))
#7 C:\wamp\www\foodiee\vendor\laravel\framework\src\Illuminate\Routing\Router.php(704): Illuminate\Routing\Route->run(Object(Illuminate\Http\Request))
#8 [internal function]: Illuminate\Routing\Router->Illuminate\Routing\{closure}(Object(Illuminate\Http\Request))
#9 C:\wamp\www\foodiee\vendor\laravel\framework\src\Illuminate\Pipeline\Pipeline.php(139): call_user_func(Object(Closure), Object(Illuminate\Http\Request))
#10 [internal function]: Illuminate\Pipeline\Pipeline->Illuminate\Pipeline\{closure}(Object(Illuminate\Http\Request))
#11 C:\wamp\www\foodiee\vendor\laravel\framework\src\Illuminate\Pipeline\Pipeline.php(103): call_user_func(Object(Closure), Object(Illuminate\Http\Request))
#12 C:\wamp\www\foodiee\vendor\laravel\framework\src\Illuminate\Routing\Router.php(706): Illuminate\Pipeline\Pipeline->then(Object(Closure))
#13 C:\wamp\www\foodiee\vendor\laravel\framework\src\Illuminate\Routing\Router.php(671): Illuminate\Routing\Router->runRouteWithinStack(Object(Illuminate\Routing\Route), Object(Illuminate\Http\Request))
#14 C:\wamp\www\foodiee\vendor\laravel\framework\src\Illuminate\Routing\Router.php(631): Illuminate\Routing\Router->dispatchToRoute(Object(Illuminate\Http\Request))
#15 C:\wamp\www\foodiee\vendor\laravel\framework\src\Illuminate\Foundation\Http\Kernel.php(236): Illuminate\Routing\Router->dispatch(Object(Illuminate\Http\Request))
#16 [internal function]: Illuminate\Foundation\Http\Kernel->Illuminate\Foundation\Http\{closure}(Object(Illuminate\Http\Request))
#17 C:\wamp\www\foodiee\vendor\laravel\framework\src\Illuminate\Pipeline\Pipeline.php(139): call_user_func(Object(Closure), Object(Illuminate\Http\Request))
#18 C:\wamp\www\foodiee\vendor\laravel\framework\src\Illuminate\Foundation\Http\Middleware\VerifyCsrfToken.php(50): Illuminate\Pipeline\Pipeline->Illuminate\Pipeline\{closure}(Object(Illuminate\Http\Request))
#19 [internal function]: Illuminate\Foundation\Http\Middleware\VerifyCsrfToken->handle(Object(Illuminate\Http\Request), Object(Closure))
#20 C:\wamp\www\foodiee\vendor\laravel\framework\src\Illuminate\Pipeline\Pipeline.php(124): call_user_func_array(Array, Array)
#21 C:\wamp\www\foodiee\vendor\laravel\framework\src\Illuminate\View\Middleware\ShareErrorsFromSession.php(49): Illuminate\Pipeline\Pipeline->Illuminate\Pipeline\{closure}(Object(Illuminate\Http\Request))
#22 [internal function]: Illuminate\View\Middleware\ShareErrorsFromSession->handle(Object(Illuminate\Http\Request), Object(Closure))
#23 C:\wamp\www\foodiee\vendor\laravel\framework\src\Illuminate\Pipeline\Pipeline.php(124): call_user_func_array(Array, Array)
#24 C:\wamp\www\foodiee\vendor\laravel\framework\src\Illuminate\Session\Middleware\StartSession.php(62): Illuminate\Pipeline\Pipeline->Illuminate\Pipeline\{closure}(Object(Illuminate\Http\Request))
#25 [internal function]: Illuminate\Session\Middleware\StartSession->handle(Object(Illuminate\Http\Request), Object(Closure))
#26 C:\wamp\www\foodiee\vendor\laravel\framework\src\Illuminate\Pipeline\Pipeline.php(124): call_user_func_array(Array, Array)
#27 C:\wamp\www\foodiee\vendor\laravel\framework\src\Illuminate\Cookie\Middleware\AddQueuedCookiesToResponse.php(37): Illuminate\Pipeline\Pipeline->Illuminate\Pipeline\{closure}(Object(Illuminate\Http\Request))
#28 [internal function]: Illuminate\Cookie\Middleware\AddQueuedCookiesToResponse->handle(Object(Illuminate\Http\Request), Object(Closure))
#29 C:\wamp\www\foodiee\vendor\laravel\framework\src\Illuminate\Pipeline\Pipeline.php(124): call_user_func_array(Array, Array)
#30 C:\wamp\www\foodiee\vendor\laravel\framework\src\Illuminate\Cookie\Middleware\EncryptCookies.php(59): Illuminate\Pipeline\Pipeline->Illuminate\Pipeline\{closure}(Object(Illuminate\Http\Request))
#31 [internal function]: Illuminate\Cookie\Middleware\EncryptCookies->handle(Object(Illuminate\Http\Request), Object(Closure))
#32 C:\wamp\www\foodiee\vendor\laravel\framework\src\Illuminate\Pipeline\Pipeline.php(124): call_user_func_array(Array, Array)
#33 C:\wamp\www\foodiee\vendor\laravel\framework\src\Illuminate\Foundation\Http\Middleware\CheckForMaintenanceMode.php(42): Illuminate\Pipeline\Pipeline->Illuminate\Pipeline\{closure}(Object(Illuminate\Http\Request))
#34 [internal function]: Illuminate\Foundation\Http\Middleware\CheckForMaintenanceMode->handle(Object(Illuminate\Http\Request), Object(Closure))
#35 C:\wamp\www\foodiee\vendor\laravel\framework\src\Illuminate\Pipeline\Pipeline.php(124): call_user_func_array(Array, Array)
#36 [internal function]: Illuminate\Pipeline\Pipeline->Illuminate\Pipeline\{closure}(Object(Illuminate\Http\Request))
#37 C:\wamp\www\foodiee\vendor\laravel\framework\src\Illuminate\Pipeline\Pipeline.php(103): call_user_func(Object(Closure), Object(Illuminate\Http\Request))
#38 C:\wamp\www\foodiee\vendor\laravel\framework\src\Illuminate\Foundation\Http\Kernel.php(122): Illuminate\Pipeline\Pipeline->then(Object(Closure))
#39 C:\wamp\www\foodiee\vendor\laravel\framework\src\Illuminate\Foundation\Http\Kernel.php(87): Illuminate\Foundation\Http\Kernel->sendRequestThroughRouter(Object(Illuminate\Http\Request))
#40 C:\wamp\www\foodiee\public\index.php(54): Illuminate\Foundation\Http\Kernel->handle(Object(Illuminate\Http\Request))
#41 {main}  
[2015-09-26 08:30:48] local.ERROR: exception 'RuntimeException' with message 'No supported encrypter found. The cipher and / or key length are invalid.' in C:\wamp\www\foodiee\vendor\laravel\framework\src\Illuminate\Encryption\EncryptionServiceProvider.php:29
Stack trace:
#0 C:\wamp\www\foodiee\vendor\laravel\framework\src\Illuminate\Container\Container.php(733): Illuminate\Encryption\EncryptionServiceProvider->Illuminate\Encryption\{closure}(Object(Illuminate\Foundation\Application), Array)
#1 C:\wamp\www\foodiee\vendor\laravel\framework\src\Illuminate\Container\Container.php(626): Illuminate\Container\Container->build(Object(Closure), Array)
#2 C:\wamp\www\foodiee\vendor\laravel\framework\src\Illuminate\Foundation\Application.php(674): Illuminate\Container\Container->make('encrypter', Array)
#3 C:\wamp\www\foodiee\vendor\laravel\framework\src\Illuminate\Container\Container.php(837): Illuminate\Foundation\Application->make('Illuminate\\Cont...')
#4 C:\wamp\www\foodiee\vendor\laravel\framework\src\Illuminate\Container\Container.php(800): Illuminate\Container\Container->resolveClass(Object(ReflectionParameter))
#5 C:\wamp\www\foodiee\vendor\laravel\framework\src\Illuminate\Container\Container.php(771): Illuminate\Container\Container->getDependencies(Array, Array)
#6 C:\wamp\www\foodiee\vendor\laravel\framework\src\Illuminate\Container\Container.php(626): Illuminate\Container\Container->build('App\\Http\\Middle...', Array)
#7 C:\wamp\www\foodiee\vendor\laravel\framework\src\Illuminate\Foundation\Application.php(674): Illuminate\Container\Container->make('App\\Http\\Middle...', Array)
#8 C:\wamp\www\foodiee\vendor\laravel\framework\src\Illuminate\Pipeline\Pipeline.php(123): Illuminate\Foundation\Application->make('App\\Http\\Middle...')
#9 C:\wamp\www\foodiee\vendor\laravel\framework\src\Illuminate\Foundation\Http\Middleware\CheckForMaintenanceMode.php(42): Illuminate\Pipeline\Pipeline->Illuminate\Pipeline\{closure}(Object(Illuminate\Http\Request))
#10 [internal function]: Illuminate\Foundation\Http\Middleware\CheckForMaintenanceMode->handle(Object(Illuminate\Http\Request), Object(Closure))
#11 C:\wamp\www\foodiee\vendor\laravel\framework\src\Illuminate\Pipeline\Pipeline.php(124): call_user_func_array(Array, Array)
#12 [internal function]: Illuminate\Pipeline\Pipeline->Illuminate\Pipeline\{closure}(Object(Illuminate\Http\Request))
#13 C:\wamp\www\foodiee\vendor\laravel\framework\src\Illuminate\Pipeline\Pipeline.php(103): call_user_func(Object(Closure), Object(Illuminate\Http\Request))
#14 C:\wamp\www\foodiee\vendor\laravel\framework\src\Illuminate\Foundation\Http\Kernel.php(122): Illuminate\Pipeline\Pipeline->then(Object(Closure))
#15 C:\wamp\www\foodiee\vendor\laravel\framework\src\Illuminate\Foundation\Http\Kernel.php(87): Illuminate\Foundation\Http\Kernel->sendRequestThroughRouter(Object(Illuminate\Http\Request))
#16 C:\wamp\www\foodiee\public\index.php(54): Illuminate\Foundation\Http\Kernel->handle(Object(Illuminate\Http\Request))
#17 {main}  
[2015-09-26 08:30:48] local.ERROR: exception 'RuntimeException' with message 'No supported encrypter found. The cipher and / or key length are invalid.' in C:\wamp\www\foodiee\vendor\laravel\framework\src\Illuminate\Encryption\EncryptionServiceProvider.php:29
Stack trace:
#0 C:\wamp\www\foodiee\vendor\laravel\framework\src\Illuminate\Container\Container.php(733): Illuminate\Encryption\EncryptionServiceProvider->Illuminate\Encryption\{closure}(Object(Illuminate\Foundation\Application), Array)
#1 C:\wamp\www\foodiee\vendor\laravel\framework\src\Illuminate\Container\Container.php(626): Illuminate\Container\Container->build(Object(Closure), Array)
#2 C:\wamp\www\foodiee\vendor\laravel\framework\src\Illuminate\Foundation\Application.php(674): Illuminate\Container\Container->make('encrypter', Array)
#3 C:\wamp\www\foodiee\vendor\laravel\framework\src\Illuminate\Container\Container.php(837): Illuminate\Foundation\Application->make('Illuminate\\Cont...')
#4 C:\wamp\www\foodiee\vendor\laravel\framework\src\Illuminate\Container\Container.php(800): Illuminate\Container\Container->resolveClass(Object(ReflectionParameter))
#5 C:\wamp\www\foodiee\vendor\laravel\framework\src\Illuminate\Container\Container.php(771): Illuminate\Container\Container->getDependencies(Array, Array)
#6 C:\wamp\www\foodiee\vendor\laravel\framework\src\Illuminate\Container\Container.php(626): Illuminate\Container\Container->build('App\\Http\\Middle...', Array)
#7 C:\wamp\www\foodiee\vendor\laravel\framework\src\Illuminate\Foundation\Application.php(674): Illuminate\Container\Container->make('App\\Http\\Middle...', Array)
#8 C:\wamp\www\foodiee\vendor\laravel\framework\src\Illuminate\Pipeline\Pipeline.php(123): Illuminate\Foundation\Application->make('App\\Http\\Middle...')
#9 C:\wamp\www\foodiee\vendor\laravel\framework\src\Illuminate\Foundation\Http\Middleware\CheckForMaintenanceMode.php(42): Illuminate\Pipeline\Pipeline->Illuminate\Pipeline\{closure}(Object(Illuminate\Http\Request))
#10 [internal function]: Illuminate\Foundation\Http\Middleware\CheckForMaintenanceMode->handle(Object(Illuminate\Http\Request), Object(Closure))
#11 C:\wamp\www\foodiee\vendor\laravel\framework\src\Illuminate\Pipeline\Pipeline.php(124): call_user_func_array(Array, Array)
#12 [internal function]: Illuminate\Pipeline\Pipeline->Illuminate\Pipeline\{closure}(Object(Illuminate\Http\Request))
#13 C:\wamp\www\foodiee\vendor\laravel\framework\src\Illuminate\Pipeline\Pipeline.php(103): call_user_func(Object(Closure), Object(Illuminate\Http\Request))
#14 C:\wamp\www\foodiee\vendor\laravel\framework\src\Illuminate\Foundation\Http\Kernel.php(122): Illuminate\Pipeline\Pipeline->then(Object(Closure))
#15 C:\wamp\www\foodiee\vendor\laravel\framework\src\Illuminate\Foundation\Http\Kernel.php(87): Illuminate\Foundation\Http\Kernel->sendRequestThroughRouter(Object(Illuminate\Http\Request))
#16 C:\wamp\www\foodiee\public\index.php(54): Illuminate\Foundation\Http\Kernel->handle(Object(Illuminate\Http\Request))
#17 {main}  
[2015-09-26 08:30:48] local.ERROR: exception 'RuntimeException' with message 'No supported encrypter found. The cipher and / or key length are invalid.' in C:\wamp\www\foodiee\vendor\laravel\framework\src\Illuminate\Encryption\EncryptionServiceProvider.php:29
Stack trace:
#0 C:\wamp\www\foodiee\vendor\laravel\framework\src\Illuminate\Container\Container.php(733): Illuminate\Encryption\EncryptionServiceProvider->Illuminate\Encryption\{closure}(Object(Illuminate\Foundation\Application), Array)
#1 C:\wamp\www\foodiee\vendor\laravel\framework\src\Illuminate\Container\Container.php(626): Illuminate\Container\Container->build(Object(Closure), Array)
#2 C:\wamp\www\foodiee\vendor\laravel\framework\src\Illuminate\Foundation\Application.php(674): Illuminate\Container\Container->make('encrypter', Array)
#3 C:\wamp\www\foodiee\vendor\laravel\framework\src\Illuminate\Container\Container.php(837): Illuminate\Foundation\Application->make('Illuminate\\Cont...')
#4 C:\wamp\www\foodiee\vendor\laravel\framework\src\Illuminate\Container\Container.php(800): Illuminate\Container\Container->resolveClass(Object(ReflectionParameter))
#5 C:\wamp\www\foodiee\vendor\laravel\framework\src\Illuminate\Container\Container.php(771): Illuminate\Container\Container->getDependencies(Array, Array)
#6 C:\wamp\www\foodiee\vendor\laravel\framework\src\Illuminate\Container\Container.php(626): Illuminate\Container\Container->build('App\\Http\\Middle...', Array)
#7 C:\wamp\www\foodiee\vendor\laravel\framework\src\Illuminate\Foundation\Application.php(674): Illuminate\Container\Container->make('App\\Http\\Middle...', Array)
#8 C:\wamp\www\foodiee\vendor\laravel\framework\src\Illuminate\Foundation\Http\Kernel.php(142): Illuminate\Foundation\Application->make('App\\Http\\Middle...')
#9 C:\wamp\www\foodiee\public\index.php(58): Illuminate\Foundation\Http\Kernel->terminate(Object(Illuminate\Http\Request), Object(Illuminate\Http\Response))
#10 {main}  
[2015-09-26 08:30:48] local.ERROR: exception 'RuntimeException' with message 'No supported encrypter found. The cipher and / or key length are invalid.' in C:\wamp\www\foodiee\vendor\laravel\framework\src\Illuminate\Encryption\EncryptionServiceProvider.php:29
Stack trace:
#0 C:\wamp\www\foodiee\vendor\laravel\framework\src\Illuminate\Container\Container.php(733): Illuminate\Encryption\EncryptionServiceProvider->Illuminate\Encryption\{closure}(Object(Illuminate\Foundation\Application), Array)
#1 C:\wamp\www\foodiee\vendor\laravel\framework\src\Illuminate\Container\Container.php(626): Illuminate\Container\Container->build(Object(Closure), Array)
#2 C:\wamp\www\foodiee\vendor\laravel\framework\src\Illuminate\Foundation\Application.php(674): Illuminate\Container\Container->make('encrypter', Array)
#3 C:\wamp\www\foodiee\vendor\laravel\framework\src\Illuminate\Container\Container.php(837): Illuminate\Foundation\Application->make('Illuminate\\Cont...')
#4 C:\wamp\www\foodiee\vendor\laravel\framework\src\Illuminate\Container\Container.php(800): Illuminate\Container\Container->resolveClass(Object(ReflectionParameter))
#5 C:\wamp\www\foodiee\vendor\laravel\framework\src\Illuminate\Container\Container.php(771): Illuminate\Container\Container->getDependencies(Array, Array)
#6 C:\wamp\www\foodiee\vendor\laravel\framework\src\Illuminate\Container\Container.php(626): Illuminate\Container\Container->build('App\\Http\\Middle...', Array)
#7 C:\wamp\www\foodiee\vendor\laravel\framework\src\Illuminate\Foundation\Application.php(674): Illuminate\Container\Container->make('App\\Http\\Middle...', Array)
#8 C:\wamp\www\foodiee\vendor\laravel\framework\src\Illuminate\Foundation\Http\Kernel.php(142): Illuminate\Foundation\Application->make('App\\Http\\Middle...')
#9 C:\wamp\www\foodiee\public\index.php(58): Illuminate\Foundation\Http\Kernel->terminate(Object(Illuminate\Http\Request), Object(Illuminate\Http\Response))
#10 {main}  
[2015-09-26 08:37:37] local.ERROR: exception 'InvalidArgumentException' with message 'View [blade.index] not found.' in C:\wamp\www\foodiee\vendor\laravel\framework\src\Illuminate\View\FileViewFinder.php:137
Stack trace:
#0 C:\wamp\www\foodiee\vendor\laravel\framework\src\Illuminate\View\FileViewFinder.php(79): Illuminate\View\FileViewFinder->findInPaths('blade.index', Array)
#1 C:\wamp\www\foodiee\vendor\laravel\framework\src\Illuminate\View\Factory.php(151): Illuminate\View\FileViewFinder->find('blade.index')
#2 C:\wamp\www\foodiee\vendor\laravel\framework\src\Illuminate\Foundation\helpers.php(648): Illuminate\View\Factory->make('blade/index', Array, Array)
#3 C:\wamp\www\foodiee\app\Http\routes.php(15): view('blade/index')
#4 [internal function]: App\Providers\RouteServiceProvider->{closure}()
#5 C:\wamp\www\foodiee\vendor\laravel\framework\src\Illuminate\Routing\Route.php(155): call_user_func_array(Object(Closure), Array)
#6 C:\wamp\www\foodiee\vendor\laravel\framework\src\Illuminate\Routing\Route.php(130): Illuminate\Routing\Route->runCallable(Object(Illuminate\Http\Request))
#7 C:\wamp\www\foodiee\vendor\laravel\framework\src\Illuminate\Routing\Router.php(704): Illuminate\Routing\Route->run(Object(Illuminate\Http\Request))
#8 [internal function]: Illuminate\Routing\Router->Illuminate\Routing\{closure}(Object(Illuminate\Http\Request))
#9 C:\wamp\www\foodiee\vendor\laravel\framework\src\Illuminate\Pipeline\Pipeline.php(139): call_user_func(Object(Closure), Object(Illuminate\Http\Request))
#10 [internal function]: Illuminate\Pipeline\Pipeline->Illuminate\Pipeline\{closure}(Object(Illuminate\Http\Request))
#11 C:\wamp\www\foodiee\vendor\laravel\framework\src\Illuminate\Pipeline\Pipeline.php(103): call_user_func(Object(Closure), Object(Illuminate\Http\Request))
#12 C:\wamp\www\foodiee\vendor\laravel\framework\src\Illuminate\Routing\Router.php(706): Illuminate\Pipeline\Pipeline->then(Object(Closure))
#13 C:\wamp\www\foodiee\vendor\laravel\framework\src\Illuminate\Routing\Router.php(671): Illuminate\Routing\Router->runRouteWithinStack(Object(Illuminate\Routing\Route), Object(Illuminate\Http\Request))
#14 C:\wamp\www\foodiee\vendor\laravel\framework\src\Illuminate\Routing\Router.php(631): Illuminate\Routing\Router->dispatchToRoute(Object(Illuminate\Http\Request))
#15 C:\wamp\www\foodiee\vendor\laravel\framework\src\Illuminate\Foundation\Http\Kernel.php(236): Illuminate\Routing\Router->dispatch(Object(Illuminate\Http\Request))
#16 [internal function]: Illuminate\Foundation\Http\Kernel->Illuminate\Foundation\Http\{closure}(Object(Illuminate\Http\Request))
#17 C:\wamp\www\foodiee\vendor\laravel\framework\src\Illuminate\Pipeline\Pipeline.php(139): call_user_func(Object(Closure), Object(Illuminate\Http\Request))
#18 C:\wamp\www\foodiee\vendor\laravel\framework\src\Illuminate\Foundation\Http\Middleware\VerifyCsrfToken.php(50): Illuminate\Pipeline\Pipeline->Illuminate\Pipeline\{closure}(Object(Illuminate\Http\Request))
#19 [internal function]: Illuminate\Foundation\Http\Middleware\VerifyCsrfToken->handle(Object(Illuminate\Http\Request), Object(Closure))
#20 C:\wamp\www\foodiee\vendor\laravel\framework\src\Illuminate\Pipeline\Pipeline.php(124): call_user_func_array(Array, Array)
#21 C:\wamp\www\foodiee\vendor\laravel\framework\src\Illuminate\View\Middleware\ShareErrorsFromSession.php(49): Illuminate\Pipeline\Pipeline->Illuminate\Pipeline\{closure}(Object(Illuminate\Http\Request))
#22 [internal function]: Illuminate\View\Middleware\ShareErrorsFromSession->handle(Object(Illuminate\Http\Request), Object(Closure))
#23 C:\wamp\www\foodiee\vendor\laravel\framework\src\Illuminate\Pipeline\Pipeline.php(124): call_user_func_array(Array, Array)
#24 C:\wamp\www\foodiee\vendor\laravel\framework\src\Illuminate\Session\Middleware\StartSession.php(62): Illuminate\Pipeline\Pipeline->Illuminate\Pipeline\{closure}(Object(Illuminate\Http\Request))
#25 [internal function]: Illuminate\Session\Middleware\StartSession->handle(Object(Illuminate\Http\Request), Object(Closure))
#26 C:\wamp\www\foodiee\vendor\laravel\framework\src\Illuminate\Pipeline\Pipeline.php(124): call_user_func_array(Array, Array)
#27 C:\wamp\www\foodiee\vendor\laravel\framework\src\Illuminate\Cookie\Middleware\AddQueuedCookiesToResponse.php(37): Illuminate\Pipeline\Pipeline->Illuminate\Pipeline\{closure}(Object(Illuminate\Http\Request))
#28 [internal function]: Illuminate\Cookie\Middleware\AddQueuedCookiesToResponse->handle(Object(Illuminate\Http\Request), Object(Closure))
#29 C:\wamp\www\foodiee\vendor\laravel\framework\src\Illuminate\Pipeline\Pipeline.php(124): call_user_func_array(Array, Array)
#30 C:\wamp\www\foodiee\vendor\laravel\framework\src\Illuminate\Cookie\Middleware\EncryptCookies.php(59): Illuminate\Pipeline\Pipeline->Illuminate\Pipeline\{closure}(Object(Illuminate\Http\Request))
#31 [internal function]: Illuminate\Cookie\Middleware\EncryptCookies->handle(Object(Illuminate\Http\Request), Object(Closure))
#32 C:\wamp\www\foodiee\vendor\laravel\framework\src\Illuminate\Pipeline\Pipeline.php(124): call_user_func_array(Array, Array)
#33 C:\wamp\www\foodiee\vendor\laravel\framework\src\Illuminate\Foundation\Http\Middleware\CheckForMaintenanceMode.php(42): Illuminate\Pipeline\Pipeline->Illuminate\Pipeline\{closure}(Object(Illuminate\Http\Request))
#34 [internal function]: Illuminate\Foundation\Http\Middleware\CheckForMaintenanceMode->handle(Object(Illuminate\Http\Request), Object(Closure))
#35 C:\wamp\www\foodiee\vendor\laravel\framework\src\Illuminate\Pipeline\Pipeline.php(124): call_user_func_array(Array, Array)
#36 [internal function]: Illuminate\Pipeline\Pipeline->Illuminate\Pipeline\{closure}(Object(Illuminate\Http\Request))
#37 C:\wamp\www\foodiee\vendor\laravel\framework\src\Illuminate\Pipeline\Pipeline.php(103): call_user_func(Object(Closure), Object(Illuminate\Http\Request))
#38 C:\wamp\www\foodiee\vendor\laravel\framework\src\Illuminate\Foundation\Http\Kernel.php(122): Illuminate\Pipeline\Pipeline->then(Object(Closure))
#39 C:\wamp\www\foodiee\vendor\laravel\framework\src\Illuminate\Foundation\Http\Kernel.php(87): Illuminate\Foundation\Http\Kernel->sendRequestThroughRouter(Object(Illuminate\Http\Request))
#40 C:\wamp\www\foodiee\public\index.php(54): Illuminate\Foundation\Http\Kernel->handle(Object(Illuminate\Http\Request))
#41 {main}  
[2015-09-26 08:38:44] local.ERROR: exception 'InvalidArgumentException' with message 'View [blade.index] not found.' in C:\wamp\www\foodiee\vendor\laravel\framework\src\Illuminate\View\FileViewFinder.php:137
Stack trace:
#0 C:\wamp\www\foodiee\vendor\laravel\framework\src\Illuminate\View\FileViewFinder.php(79): Illuminate\View\FileViewFinder->findInPaths('blade.index', Array)
#1 C:\wamp\www\foodiee\vendor\laravel\framework\src\Illuminate\View\Factory.php(151): Illuminate\View\FileViewFinder->find('blade.index')
#2 C:\wamp\www\foodiee\vendor\laravel\framework\src\Illuminate\Foundation\helpers.php(648): Illuminate\View\Factory->make('blade/index', Array, Array)
#3 C:\wamp\www\foodiee\app\Http\routes.php(15): view('blade/index')
#4 [internal function]: App\Providers\RouteServiceProvider->{closure}()
#5 C:\wamp\www\foodiee\vendor\laravel\framework\src\Illuminate\Routing\Route.php(155): call_user_func_array(Object(Closure), Array)
#6 C:\wamp\www\foodiee\vendor\laravel\framework\src\Illuminate\Routing\Route.php(130): Illuminate\Routing\Route->runCallable(Object(Illuminate\Http\Request))
#7 C:\wamp\www\foodiee\vendor\laravel\framework\src\Illuminate\Routing\Router.php(704): Illuminate\Routing\Route->run(Object(Illuminate\Http\Request))
#8 [internal function]: Illuminate\Routing\Router->Illuminate\Routing\{closure}(Object(Illuminate\Http\Request))
#9 C:\wamp\www\foodiee\vendor\laravel\framework\src\Illuminate\Pipeline\Pipeline.php(139): call_user_func(Object(Closure), Object(Illuminate\Http\Request))
#10 [internal function]: Illuminate\Pipeline\Pipeline->Illuminate\Pipeline\{closure}(Object(Illuminate\Http\Request))
#11 C:\wamp\www\foodiee\vendor\laravel\framework\src\Illuminate\Pipeline\Pipeline.php(103): call_user_func(Object(Closure), Object(Illuminate\Http\Request))
#12 C:\wamp\www\foodiee\vendor\laravel\framework\src\Illuminate\Routing\Router.php(706): Illuminate\Pipeline\Pipeline->then(Object(Closure))
#13 C:\wamp\www\foodiee\vendor\laravel\framework\src\Illuminate\Routing\Router.php(671): Illuminate\Routing\Router->runRouteWithinStack(Object(Illuminate\Routing\Route), Object(Illuminate\Http\Request))
#14 C:\wamp\www\foodiee\vendor\laravel\framework\src\Illuminate\Routing\Router.php(631): Illuminate\Routing\Router->dispatchToRoute(Object(Illuminate\Http\Request))
#15 C:\wamp\www\foodiee\vendor\laravel\framework\src\Illuminate\Foundation\Http\Kernel.php(236): Illuminate\Routing\Router->dispatch(Object(Illuminate\Http\Request))
#16 [internal function]: Illuminate\Foundation\Http\Kernel->Illuminate\Foundation\Http\{closure}(Object(Illuminate\Http\Request))
#17 C:\wamp\www\foodiee\vendor\laravel\framework\src\Illuminate\Pipeline\Pipeline.php(139): call_user_func(Object(Closure), Object(Illuminate\Http\Request))
#18 C:\wamp\www\foodiee\vendor\laravel\framework\src\Illuminate\Foundation\Http\Middleware\VerifyCsrfToken.php(50): Illuminate\Pipeline\Pipeline->Illuminate\Pipeline\{closure}(Object(Illuminate\Http\Request))
#19 [internal function]: Illuminate\Foundation\Http\Middleware\VerifyCsrfToken->handle(Object(Illuminate\Http\Request), Object(Closure))
#20 C:\wamp\www\foodiee\vendor\laravel\framework\src\Illuminate\Pipeline\Pipeline.php(124): call_user_func_array(Array, Array)
#21 C:\wamp\www\foodiee\vendor\laravel\framework\src\Illuminate\View\Middleware\ShareErrorsFromSession.php(49): Illuminate\Pipeline\Pipeline->Illuminate\Pipeline\{closure}(Object(Illuminate\Http\Request))
#22 [internal function]: Illuminate\View\Middleware\ShareErrorsFromSession->handle(Object(Illuminate\Http\Request), Object(Closure))
#23 C:\wamp\www\foodiee\vendor\laravel\framework\src\Illuminate\Pipeline\Pipeline.php(124): call_user_func_array(Array, Array)
#24 C:\wamp\www\foodiee\vendor\laravel\framework\src\Illuminate\Session\Middleware\StartSession.php(62): Illuminate\Pipeline\Pipeline->Illuminate\Pipeline\{closure}(Object(Illuminate\Http\Request))
#25 [internal function]: Illuminate\Session\Middleware\StartSession->handle(Object(Illuminate\Http\Request), Object(Closure))
#26 C:\wamp\www\foodiee\vendor\laravel\framework\src\Illuminate\Pipeline\Pipeline.php(124): call_user_func_array(Array, Array)
#27 C:\wamp\www\foodiee\vendor\laravel\framework\src\Illuminate\Cookie\Middleware\AddQueuedCookiesToResponse.php(37): Illuminate\Pipeline\Pipeline->Illuminate\Pipeline\{closure}(Object(Illuminate\Http\Request))
#28 [internal function]: Illuminate\Cookie\Middleware\AddQueuedCookiesToResponse->handle(Object(Illuminate\Http\Request), Object(Closure))
#29 C:\wamp\www\foodiee\vendor\laravel\framework\src\Illuminate\Pipeline\Pipeline.php(124): call_user_func_array(Array, Array)
#30 C:\wamp\www\foodiee\vendor\laravel\framework\src\Illuminate\Cookie\Middleware\EncryptCookies.php(59): Illuminate\Pipeline\Pipeline->Illuminate\Pipeline\{closure}(Object(Illuminate\Http\Request))
#31 [internal function]: Illuminate\Cookie\Middleware\EncryptCookies->handle(Object(Illuminate\Http\Request), Object(Closure))
#32 C:\wamp\www\foodiee\vendor\laravel\framework\src\Illuminate\Pipeline\Pipeline.php(124): call_user_func_array(Array, Array)
#33 C:\wamp\www\foodiee\vendor\laravel\framework\src\Illuminate\Foundation\Http\Middleware\CheckForMaintenanceMode.php(42): Illuminate\Pipeline\Pipeline->Illuminate\Pipeline\{closure}(Object(Illuminate\Http\Request))
#34 [internal function]: Illuminate\Foundation\Http\Middleware\CheckForMaintenanceMode->handle(Object(Illuminate\Http\Request), Object(Closure))
#35 C:\wamp\www\foodiee\vendor\laravel\framework\src\Illuminate\Pipeline\Pipeline.php(124): call_user_func_array(Array, Array)
#36 [internal function]: Illuminate\Pipeline\Pipeline->Illuminate\Pipeline\{closure}(Object(Illuminate\Http\Request))
#37 C:\wamp\www\foodiee\vendor\laravel\framework\src\Illuminate\Pipeline\Pipeline.php(103): call_user_func(Object(Closure), Object(Illuminate\Http\Request))
#38 C:\wamp\www\foodiee\vendor\laravel\framework\src\Illuminate\Foundation\Http\Kernel.php(122): Illuminate\Pipeline\Pipeline->then(Object(Closure))
#39 C:\wamp\www\foodiee\vendor\laravel\framework\src\Illuminate\Foundation\Http\Kernel.php(87): Illuminate\Foundation\Http\Kernel->sendRequestThroughRouter(Object(Illuminate\Http\Request))
#40 C:\wamp\www\foodiee\public\index.php(54): Illuminate\Foundation\Http\Kernel->handle(Object(Illuminate\Http\Request))
#41 {main}  
[2015-10-01 00:11:30] local.ERROR: exception 'InvalidArgumentException' with message 'View [index] not found.' in C:\wamp\www\foodiee\vendor\laravel\framework\src\Illuminate\View\FileViewFinder.php:137
Stack trace:
#0 C:\wamp\www\foodiee\vendor\laravel\framework\src\Illuminate\View\FileViewFinder.php(79): Illuminate\View\FileViewFinder->findInPaths('index', Array)
#1 C:\wamp\www\foodiee\vendor\laravel\framework\src\Illuminate\View\Factory.php(151): Illuminate\View\FileViewFinder->find('index')
#2 C:\wamp\www\foodiee\vendor\laravel\framework\src\Illuminate\Foundation\helpers.php(648): Illuminate\View\Factory->make('index', Array, Array)
#3 C:\wamp\www\foodiee\app\Http\routes.php(15): view('index')
#4 [internal function]: App\Providers\RouteServiceProvider->{closure}()
#5 C:\wamp\www\foodiee\vendor\laravel\framework\src\Illuminate\Routing\Route.php(155): call_user_func_array(Object(Closure), Array)
#6 C:\wamp\www\foodiee\vendor\laravel\framework\src\Illuminate\Routing\Route.php(130): Illuminate\Routing\Route->runCallable(Object(Illuminate\Http\Request))
#7 C:\wamp\www\foodiee\vendor\laravel\framework\src\Illuminate\Routing\Router.php(704): Illuminate\Routing\Route->run(Object(Illuminate\Http\Request))
#8 [internal function]: Illuminate\Routing\Router->Illuminate\Routing\{closure}(Object(Illuminate\Http\Request))
#9 C:\wamp\www\foodiee\vendor\laravel\framework\src\Illuminate\Pipeline\Pipeline.php(139): call_user_func(Object(Closure), Object(Illuminate\Http\Request))
#10 [internal function]: Illuminate\Pipeline\Pipeline->Illuminate\Pipeline\{closure}(Object(Illuminate\Http\Request))
#11 C:\wamp\www\foodiee\vendor\laravel\framework\src\Illuminate\Pipeline\Pipeline.php(103): call_user_func(Object(Closure), Object(Illuminate\Http\Request))
#12 C:\wamp\www\foodiee\vendor\laravel\framework\src\Illuminate\Routing\Router.php(706): Illuminate\Pipeline\Pipeline->then(Object(Closure))
#13 C:\wamp\www\foodiee\vendor\laravel\framework\src\Illuminate\Routing\Router.php(671): Illuminate\Routing\Router->runRouteWithinStack(Object(Illuminate\Routing\Route), Object(Illuminate\Http\Request))
#14 C:\wamp\www\foodiee\vendor\laravel\framework\src\Illuminate\Routing\Router.php(631): Illuminate\Routing\Router->dispatchToRoute(Object(Illuminate\Http\Request))
#15 C:\wamp\www\foodiee\vendor\laravel\framework\src\Illuminate\Foundation\Http\Kernel.php(236): Illuminate\Routing\Router->dispatch(Object(Illuminate\Http\Request))
#16 [internal function]: Illuminate\Foundation\Http\Kernel->Illuminate\Foundation\Http\{closure}(Object(Illuminate\Http\Request))
#17 C:\wamp\www\foodiee\vendor\laravel\framework\src\Illuminate\Pipeline\Pipeline.php(139): call_user_func(Object(Closure), Object(Illuminate\Http\Request))
#18 C:\wamp\www\foodiee\vendor\laravel\framework\src\Illuminate\Foundation\Http\Middleware\VerifyCsrfToken.php(50): Illuminate\Pipeline\Pipeline->Illuminate\Pipeline\{closure}(Object(Illuminate\Http\Request))
#19 [internal function]: Illuminate\Foundation\Http\Middleware\VerifyCsrfToken->handle(Object(Illuminate\Http\Request), Object(Closure))
#20 C:\wamp\www\foodiee\vendor\laravel\framework\src\Illuminate\Pipeline\Pipeline.php(124): call_user_func_array(Array, Array)
#21 C:\wamp\www\foodiee\vendor\laravel\framework\src\Illuminate\View\Middleware\ShareErrorsFromSession.php(49): Illuminate\Pipeline\Pipeline->Illuminate\Pipeline\{closure}(Object(Illuminate\Http\Request))
#22 [internal function]: Illuminate\View\Middleware\ShareErrorsFromSession->handle(Object(Illuminate\Http\Request), Object(Closure))
#23 C:\wamp\www\foodiee\vendor\laravel\framework\src\Illuminate\Pipeline\Pipeline.php(124): call_user_func_array(Array, Array)
#24 C:\wamp\www\foodiee\vendor\laravel\framework\src\Illuminate\Session\Middleware\StartSession.php(62): Illuminate\Pipeline\Pipeline->Illuminate\Pipeline\{closure}(Object(Illuminate\Http\Request))
#25 [internal function]: Illuminate\Session\Middleware\StartSession->handle(Object(Illuminate\Http\Request), Object(Closure))
#26 C:\wamp\www\foodiee\vendor\laravel\framework\src\Illuminate\Pipeline\Pipeline.php(124): call_user_func_array(Array, Array)
#27 C:\wamp\www\foodiee\vendor\laravel\framework\src\Illuminate\Cookie\Middleware\AddQueuedCookiesToResponse.php(37): Illuminate\Pipeline\Pipeline->Illuminate\Pipeline\{closure}(Object(Illuminate\Http\Request))
#28 [internal function]: Illuminate\Cookie\Middleware\AddQueuedCookiesToResponse->handle(Object(Illuminate\Http\Request), Object(Closure))
#29 C:\wamp\www\foodiee\vendor\laravel\framework\src\Illuminate\Pipeline\Pipeline.php(124): call_user_func_array(Array, Array)
#30 C:\wamp\www\foodiee\vendor\laravel\framework\src\Illuminate\Cookie\Middleware\EncryptCookies.php(59): Illuminate\Pipeline\Pipeline->Illuminate\Pipeline\{closure}(Object(Illuminate\Http\Request))
#31 [internal function]: Illuminate\Cookie\Middleware\EncryptCookies->handle(Object(Illuminate\Http\Request), Object(Closure))
#32 C:\wamp\www\foodiee\vendor\laravel\framework\src\Illuminate\Pipeline\Pipeline.php(124): call_user_func_array(Array, Array)
#33 C:\wamp\www\foodiee\vendor\laravel\framework\src\Illuminate\Foundation\Http\Middleware\CheckForMaintenanceMode.php(42): Illuminate\Pipeline\Pipeline->Illuminate\Pipeline\{closure}(Object(Illuminate\Http\Request))
#34 [internal function]: Illuminate\Foundation\Http\Middleware\CheckForMaintenanceMode->handle(Object(Illuminate\Http\Request), Object(Closure))
#35 C:\wamp\www\foodiee\vendor\laravel\framework\src\Illuminate\Pipeline\Pipeline.php(124): call_user_func_array(Array, Array)
#36 [internal function]: Illuminate\Pipeline\Pipeline->Illuminate\Pipeline\{closure}(Object(Illuminate\Http\Request))
#37 C:\wamp\www\foodiee\vendor\laravel\framework\src\Illuminate\Pipeline\Pipeline.php(103): call_user_func(Object(Closure), Object(Illuminate\Http\Request))
#38 C:\wamp\www\foodiee\vendor\laravel\framework\src\Illuminate\Foundation\Http\Kernel.php(122): Illuminate\Pipeline\Pipeline->then(Object(Closure))
#39 C:\wamp\www\foodiee\vendor\laravel\framework\src\Illuminate\Foundation\Http\Kernel.php(87): Illuminate\Foundation\Http\Kernel->sendRequestThroughRouter(Object(Illuminate\Http\Request))
#40 C:\wamp\www\foodiee\public\index.php(54): Illuminate\Foundation\Http\Kernel->handle(Object(Illuminate\Http\Request))
#41 {main}  
